<?xml version="1.0" encoding="UTF-8"?>
<!-- Generated by org.testng.reporters.JUnitXMLReporter -->
<testsuite hostname="AKSHI-PC" name="6. Go to &#039;Payments&#039; page, and then to &#039;Transfer Methods&#039;. Remove Transfer method." tests="5" failures="3" timestamp="1 Jun 2017 07:04:36 GMT" time="18.566" errors="0">
  <testcase name="clickPaymentsTabTest" time="0.363" classname="com.guru.testing.page.DashboardPageTest"/>
  <testcase name="clickTransferMethodsTabTest" time="2.242" classname="com.guru.testing.page.TransferMethodsPageTest"/>
  <testcase name="verifyTransferMethodsPageTest" time="5.343" classname="com.guru.testing.page.TransferMethodsPageTest">
    <failure type="com.guru.framework.testing.objects.exceptions.HTMLElementNotFoundException" message="Unable to find verify Transfer Methods page">
      <![CDATA[com.guru.framework.testing.objects.exceptions.HTMLElementNotFoundException: Unable to find verify Transfer Methods page
	at com.guru.testing.page.TransferMethodsPageTest.verifyTransferMethodsPageTest(TransferMethodsPageTest.java:42)
... Removed 24 stack frames]]>
    </failure>
  </testcase> <!-- verifyTransferMethodsPageTest -->
  <testcase name="clickRemoveCCTest" time="5.232" classname="com.guru.testing.page.TransferMethodsPageTest">
    <failure type="javax.script.ScriptException" message="Couldn&amp;apos;t click; or the element was invisible/disabled.">
      <![CDATA[javax.script.ScriptException: Couldn't click; or the element was invisible/disabled.
	at com.guru.testing.page.TransferMethodsPageTest.clickRemoveCCTest(TransferMethodsPageTest.java:72)
... Removed 24 stack frames]]>
    </failure>
  </testcase> <!-- clickRemoveCCTest -->
  <testcase name="clickConfirmRemoveTest" time="2.742" classname="com.guru.testing.page.TransferMethodsPageTest">
    <failure type="javax.script.ScriptException" message="Couldn&amp;apos;t click; or the element was invisible/disabled. Or Remove was unsuccessful.">
      <![CDATA[javax.script.ScriptException: Couldn't click; or the element was invisible/disabled. Or Remove was unsuccessful.
	at com.guru.testing.page.TransferMethodsPageTest.clickConfirmRemoveTest(TransferMethodsPageTest.java:84)
... Removed 24 stack frames]]>
    </failure>
  </testcase> <!-- clickConfirmRemoveTest -->
</testsuite> <!-- 6. Go to 'Payments' page, and then to 'Transfer Methods'. Remove Transfer method. -->
