<html>
<head>
<title>TestNG:  Buying Bids</title>
<link href="../testng.css" rel="stylesheet" type="text/css" />
<link href="../my-testng.css" rel="stylesheet" type="text/css" />

<style type="text/css">
.log { display: none;} 
.stack-trace { display: none;} 
</style>
<script type="text/javascript">
<!--
function flip(e) {
  current = e.style.display;
  if (current == 'block') {
    e.style.display = 'none';
    return 0;
  }
  else {
    e.style.display = 'block';
    return 1;
  }
}

function toggleBox(szDivId, elem, msg1, msg2)
{
  var res = -1;  if (document.getElementById) {
    res = flip(document.getElementById(szDivId));
  }
  else if (document.all) {
    // this is the way old msie versions work
    res = flip(document.all[szDivId]);
  }
  if(elem) {
    if(res == 0) elem.innerHTML = msg1; else elem.innerHTML = msg2;
  }

}

function toggleAllBoxes() {
  if (document.getElementsByTagName) {
    d = document.getElementsByTagName('div');
    for (i = 0; i < d.length; i++) {
      if (d[i].className == 'log') {
        flip(d[i]);
      }
    }
  }
}

// -->
</script>

</head>
<body>
<h2 align='center'>Buying Bids</h2><table border='1' align="center">
<tr>
<td>Tests passed/Failed/Skipped:</td><td>0/0/10</td>
</tr><tr>
<td>Started on:</td><td>Fri Jun 02 17:18:15 IST 2017</td>
</tr>
<tr><td>Total time:</td><td>0 seconds (81 ms)</td>
</tr><tr>
<td>Included groups:</td><td></td>
</tr><tr>
<td>Excluded groups:</td><td></td>
</tr>
</table><p/>
<small><i>(Hover the method name to see the test class name)</i></small><p/>
<table width='100%' border='1' class='invocation-failed'>
<tr><td colspan='4' align='center'><b>FAILED CONFIGURATIONS</b></td></tr>
<tr><td><b>Test method</b></td>
<td width="30%"><b>Exception</b></td>
<td width="10%"><b>Time (seconds)</b></td>
<td><b>Instance</b></td>
</tr>
<tr>
<td title='com.guru.testing.tests.LaunchApplication.startBrowserBeforeSuite()'><b>startBrowserBeforeSuite</b><br>Test class: com.guru.testing.tests.LaunchApplication<br>Parameters: suite, chrome, 5, 5, 5, 0, default, default, C:\browserdrivers</td>
<td><div><pre>org.openqa.selenium.NoSuchSessionException: no such session
  (Driver info: chromedriver=2.28.455520 (cc17746adff54984afff480136733114c6b3704b),platform=Windows NT 6.1.7601 SP1 x86_64) (WARNING: The server did not provide any stacktrace information)
Command duration or timeout: 48 milliseconds
Build info: version: &apos;3.0.0&apos;, revision: &apos;350cf60&apos;, time: &apos;2016-10-13 10:48:57 -0700&apos;
System info: host: &apos;AKSHI-PC&apos;, ip: &apos;172.16.0.220&apos;, os.name: &apos;Windows 7&apos;, os.arch: &apos;amd64&apos;, os.version: &apos;6.1&apos;, java.version: &apos;1.8.0_111&apos;
Driver info: org.openqa.selenium.chrome.ChromeDriver
Capabilities [{message=session not created exception
from disconnected: not connected to DevTools
  (Session info: chrome=58.0.3029.110)
  (Driver info: chromedriver=2.28.455520 (cc17746adff54984afff480136733114c6b3704b),platform=Windows NT 6.1.7601 SP1 x86_64), platform=ANY}]
Session ID: 70c74103cfa84ee19490cd626429fe25
	at org.openqa.selenium.remote.ErrorHandler.createThrowable(ErrorHandler.java:216)
	at org.openqa.selenium.remote.ErrorHandler.throwIfResponseFailed(ErrorHandler.java:168)
	at org.openqa.selenium.remote.RemoteWebDriver.execute(RemoteWebDriver.java:635)
	at org.openqa.selenium.remote.RemoteWebDriver$RemoteWebDriverOptions$RemoteTimeouts.implicitlyWait(RemoteWebDriver.java:822)
	at com.guru.framework.testing.selenium.BaseWebDriver.startBrowser(BaseWebDriver.java:337)
	at com.guru.framework.testing.selenium.BaseWebDriver.init(BaseWebDriver.java:108)
	at com.guru.framework.testing.selenium.BaseWebDriver.startBrowserBeforeSuite(BaseWebDriver.java:82)
... Removed 22 stack frames</pre></div><a href='#' onClick='toggleBox("stack-trace739973450", this, "Click to show all stack frames", "Click to hide stack frames")'>Click to show all stack frames</a>
<div class='stack-trace' id='stack-trace739973450'><pre>org.openqa.selenium.NoSuchSessionException: no such session
  (Driver info: chromedriver=2.28.455520 (cc17746adff54984afff480136733114c6b3704b),platform=Windows NT 6.1.7601 SP1 x86_64) (WARNING: The server did not provide any stacktrace information)
Command duration or timeout: 48 milliseconds
Build info: version: '3.0.0', revision: '350cf60', time: '2016-10-13 10:48:57 -0700'
System info: host: 'AKSHI-PC', ip: '172.16.0.220', os.name: 'Windows 7', os.arch: 'amd64', os.version: '6.1', java.version: '1.8.0_111'
Driver info: org.openqa.selenium.chrome.ChromeDriver
Capabilities [{message=session not created exception
from disconnected: not connected to DevTools
  (Session info: chrome=58.0.3029.110)
  (Driver info: chromedriver=2.28.455520 (cc17746adff54984afff480136733114c6b3704b),platform=Windows NT 6.1.7601 SP1 x86_64), platform=ANY}]
Session ID: 70c74103cfa84ee19490cd626429fe25
	at sun.reflect.NativeConstructorAccessorImpl.newInstance0(Native Method)
	at sun.reflect.NativeConstructorAccessorImpl.newInstance(NativeConstructorAccessorImpl.java:62)
	at sun.reflect.DelegatingConstructorAccessorImpl.newInstance(DelegatingConstructorAccessorImpl.java:45)
	at java.lang.reflect.Constructor.newInstance(Constructor.java:423)
	at org.openqa.selenium.remote.ErrorHandler.createThrowable(ErrorHandler.java:216)
	at org.openqa.selenium.remote.ErrorHandler.throwIfResponseFailed(ErrorHandler.java:168)
	at org.openqa.selenium.remote.RemoteWebDriver.execute(RemoteWebDriver.java:635)
	at org.openqa.selenium.remote.RemoteWebDriver$RemoteWebDriverOptions$RemoteTimeouts.implicitlyWait(RemoteWebDriver.java:822)
	at com.guru.framework.testing.selenium.BaseWebDriver.startBrowser(BaseWebDriver.java:337)
	at com.guru.framework.testing.selenium.BaseWebDriver.init(BaseWebDriver.java:108)
	at com.guru.framework.testing.selenium.BaseWebDriver.startBrowserBeforeSuite(BaseWebDriver.java:82)
	at sun.reflect.NativeMethodAccessorImpl.invoke0(Native Method)
	at sun.reflect.NativeMethodAccessorImpl.invoke(NativeMethodAccessorImpl.java:62)
	at sun.reflect.DelegatingMethodAccessorImpl.invoke(DelegatingMethodAccessorImpl.java:43)
	at java.lang.reflect.Method.invoke(Method.java:498)
	at org.testng.internal.MethodInvocationHelper.invokeMethod(MethodInvocationHelper.java:80)
	at org.testng.internal.Invoker.invokeConfigurationMethod(Invoker.java:551)
	at org.testng.internal.Invoker.invokeConfigurations(Invoker.java:213)
	at org.testng.internal.Invoker.invokeConfigurations(Invoker.java:138)
	at org.testng.SuiteRunner.privateRun(SuiteRunner.java:277)
	at org.testng.SuiteRunner.run(SuiteRunner.java:240)
	at org.testng.SuiteRunnerWorker.runSuite(SuiteRunnerWorker.java:53)
	at org.testng.SuiteRunnerWorker.run(SuiteRunnerWorker.java:87)
	at org.testng.TestNG.runSuitesSequentially(TestNG.java:1188)
	at org.testng.TestNG.runSuitesLocally(TestNG.java:1113)
	at org.testng.TestNG.run(TestNG.java:1025)
	at org.testng.remote.AbstractRemoteTestNG.run(AbstractRemoteTestNG.java:132)
	at org.testng.remote.RemoteTestNG.initAndRun(RemoteTestNG.java:230)
	at org.testng.remote.RemoteTestNG.main(RemoteTestNG.java:76)
</pre></div></td>
<td>0</td>
<td>null</td></tr>
</table><p>
<table width='100%' border='1' class='invocation-skipped'>
<tr><td colspan='4' align='center'><b>SKIPPED CONFIGURATIONS</b></td></tr>
<tr><td><b>Test method</b></td>
<td width="30%"><b>Exception</b></td>
<td width="10%"><b>Time (seconds)</b></td>
<td><b>Instance</b></td>
</tr>
<tr>
<td title='com.guru.testing.tests.LaunchApplication.startBrowserBeforeTest()'><b>startBrowserBeforeTest</b><br>Test class: com.guru.testing.tests.LaunchApplication</td>
<td></td>
<td>0</td>
<td>null</td></tr>
<tr>
<td title='com.guru.testing.tests.LaunchApplication.loadObjectMaps()'><b>loadObjectMaps</b><br>Test class: com.guru.testing.tests.LaunchApplication</td>
<td></td>
<td>0</td>
<td>com.guru.testing.tests.LaunchApplication@5e3a8624</td></tr>
<tr>
<td title='com.guru.testing.tests.LaunchApplication.waitTime()'><b>waitTime</b><br>Test class: com.guru.testing.tests.LaunchApplication</td>
<td></td>
<td>0</td>
<td>com.guru.testing.tests.LaunchApplication@5e3a8624</td></tr>
</table><p>
<table width='100%' border='1' class='invocation-skipped'>
<tr><td colspan='4' align='center'><b>SKIPPED TESTS</b></td></tr>
<tr><td><b>Test method</b></td>
<td width="30%"><b>Exception</b></td>
<td width="10%"><b>Time (seconds)</b></td>
<td><b>Instance</b></td>
</tr>
<tr>
<td title='com.guru.testing.tests.Test1.buyBidsTest()'><b>buyBidsTest</b><br>Test class: com.guru.testing.tests.Test1</td>
<td></td>
<td>0</td>
<td>null</td></tr>
<tr>
<td title='com.guru.testing.tests.Test1.dashboardTest()'><b>dashboardTest</b><br>Test class: com.guru.testing.tests.Test1</td>
<td></td>
<td>0</td>
<td>null</td></tr>
<tr>
<td title='com.guru.testing.tests.Test1.loginTest()'><b>loginTest</b><br>Test class: com.guru.testing.tests.Test1<br>Parameters: autotesterfl2@mailinator.com, 12345678</td>
<td></td>
<td>0</td>
<td>com.guru.testing.tests.Test1@5c3bd550</td></tr>
<tr>
<td title='com.guru.testing.tests.Test1.makePaymentTest()'><b>makePaymentTest</b><br>Test class: com.guru.testing.tests.Test1</td>
<td></td>
<td>0</td>
<td>null</td></tr>
<tr>
<td title='com.guru.testing.tests.LaunchApplication.navigateToUrlTest()'><b>navigateToUrlTest</b><br>Test class: com.guru.testing.tests.LaunchApplication<br>Parameters: http://qa.guru.com/login.aspx</td>
<td></td>
<td>0</td>
<td>com.guru.testing.tests.LaunchApplication@5e3a8624</td></tr>
<tr>
<td title='com.guru.testing.tests.Test1.phoneTest()'><b>phoneTest</b><br>Test class: com.guru.testing.tests.Test1</td>
<td></td>
<td>0</td>
<td>null</td></tr>
<tr>
<td title='com.guru.testing.tests.Test1.removePaymentTest()'><b>removePaymentTest</b><br>Test class: com.guru.testing.tests.Test1</td>
<td></td>
<td>0</td>
<td>null</td></tr>
<tr>
<td title='com.guru.testing.tests.Test1.securityTest()'><b>securityTest</b><br>Test class: com.guru.testing.tests.Test1</td>
<td></td>
<td>0</td>
<td>null</td></tr>
<tr>
<td title='com.guru.testing.tests.Test1.verifyBidsAddedTest()'><b>verifyBidsAddedTest</b><br>Test class: com.guru.testing.tests.Test1</td>
<td></td>
<td>0</td>
<td>null</td></tr>
<tr>
<td title='com.guru.testing.tests.Test1.verifyCAEntryTest()'><b>verifyCAEntryTest</b><br>Test class: com.guru.testing.tests.Test1</td>
<td></td>
<td>0</td>
<td>null</td></tr>
</table><p>
</body>
</html>