<?xml version="1.0" encoding="UTF-8"?>
<!-- Generated by org.testng.reporters.JUnitXMLReporter -->
<testsuite hostname="AKSHI-PC" name="Buying Bids" tests="10" failures="0" timestamp="2 Jun 2017 11:48:15 GMT" time="0.081" errors="0">
  <testcase name="@BeforeSuite startBrowserBeforeSuite" time="0.0" classname="com.guru.testing.tests.LaunchApplication">
    <failure type="org.openqa.selenium.NoSuchSessionException" message="no such session
  (Driver info: chromedriver=2.28.455520 (cc17746adff54984afff480136733114c6b3704b),platform=Windows NT 6.1.7601 SP1 x86_64) (WARNING: The server did not provide any stacktrace information)
Command duration or timeout: 48 milliseconds
Build info: version: &amp;apos;3.0.0&amp;apos;, revision: &amp;apos;350cf60&amp;apos;, time: &amp;apos;2016-10-13 10:48:57 -0700&amp;apos;
System info: host: &amp;apos;AKSHI-PC&amp;apos;, ip: &amp;apos;172.16.0.220&amp;apos;, os.name: &amp;apos;Windows 7&amp;apos;, os.arch: &amp;apos;amd64&amp;apos;, os.version: &amp;apos;6.1&amp;apos;, java.version: &amp;apos;1.8.0_111&amp;apos;
Driver info: org.openqa.selenium.chrome.ChromeDriver
Capabilities [{message=session not created exception
from disconnected: not connected to DevTools
  (Session info: chrome=58.0.3029.110)
  (Driver info: chromedriver=2.28.455520 (cc17746adff54984afff480136733114c6b3704b),platform=Windows NT 6.1.7601 SP1 x86_64), platform=ANY}]
Session ID: 70c74103cfa84ee19490cd626429fe25">
      <![CDATA[org.openqa.selenium.NoSuchSessionException: no such session
  (Driver info: chromedriver=2.28.455520 (cc17746adff54984afff480136733114c6b3704b),platform=Windows NT 6.1.7601 SP1 x86_64) (WARNING: The server did not provide any stacktrace information)
Command duration or timeout: 48 milliseconds
Build info: version: '3.0.0', revision: '350cf60', time: '2016-10-13 10:48:57 -0700'
System info: host: 'AKSHI-PC', ip: '172.16.0.220', os.name: 'Windows 7', os.arch: 'amd64', os.version: '6.1', java.version: '1.8.0_111'
Driver info: org.openqa.selenium.chrome.ChromeDriver
Capabilities [{message=session not created exception
from disconnected: not connected to DevTools
  (Session info: chrome=58.0.3029.110)
  (Driver info: chromedriver=2.28.455520 (cc17746adff54984afff480136733114c6b3704b),platform=Windows NT 6.1.7601 SP1 x86_64), platform=ANY}]
Session ID: 70c74103cfa84ee19490cd626429fe25
	at org.openqa.selenium.remote.ErrorHandler.createThrowable(ErrorHandler.java:216)
	at org.openqa.selenium.remote.ErrorHandler.throwIfResponseFailed(ErrorHandler.java:168)
	at org.openqa.selenium.remote.RemoteWebDriver.execute(RemoteWebDriver.java:635)
	at org.openqa.selenium.remote.RemoteWebDriver$RemoteWebDriverOptions$RemoteTimeouts.implicitlyWait(RemoteWebDriver.java:822)
	at com.guru.framework.testing.selenium.BaseWebDriver.startBrowser(BaseWebDriver.java:337)
	at com.guru.framework.testing.selenium.BaseWebDriver.init(BaseWebDriver.java:108)
	at com.guru.framework.testing.selenium.BaseWebDriver.startBrowserBeforeSuite(BaseWebDriver.java:82)
... Removed 22 stack frames]]>
    </failure>
  </testcase> <!-- @BeforeSuite startBrowserBeforeSuite -->
  <testcase name="@BeforeTest startBrowserBeforeTest" time="0.0" classname="com.guru.testing.tests.LaunchApplication">
    <skipped/>
  </testcase> <!-- @BeforeTest startBrowserBeforeTest -->
  <testcase name="@BeforeClass loadObjectMaps" time="0.0" classname="com.guru.testing.tests.LaunchApplication">
    <skipped/>
  </testcase> <!-- @BeforeClass loadObjectMaps -->
  <testcase name="@BeforeMethod waitTime" time="0.0" classname="com.guru.testing.tests.LaunchApplication">
    <skipped/>
  </testcase> <!-- @BeforeMethod waitTime -->
  <testcase name="navigateToUrlTest" time="0.0" classname="com.guru.testing.tests.LaunchApplication">
    <skipped/>
  </testcase> <!-- navigateToUrlTest -->
  <testcase name="loginTest" time="0.001" classname="com.guru.testing.tests.Test1">
    <skipped/>
  </testcase> <!-- loginTest -->
  <testcase name="securityTest" time="0.0" classname="com.guru.testing.tests.Test1">
    <skipped/>
  </testcase> <!-- securityTest -->
  <testcase name="phoneTest" time="0.0" classname="com.guru.testing.tests.Test1">
    <skipped/>
  </testcase> <!-- phoneTest -->
  <testcase name="dashboardTest" time="0.0" classname="com.guru.testing.tests.Test1">
    <skipped/>
  </testcase> <!-- dashboardTest -->
  <testcase name="buyBidsTest" time="0.001" classname="com.guru.testing.tests.Test1">
    <skipped/>
  </testcase> <!-- buyBidsTest -->
  <testcase name="makePaymentTest" time="0.0" classname="com.guru.testing.tests.Test1">
    <skipped/>
  </testcase> <!-- makePaymentTest -->
  <testcase name="verifyBidsAddedTest" time="0.0" classname="com.guru.testing.tests.Test1">
    <skipped/>
  </testcase> <!-- verifyBidsAddedTest -->
  <testcase name="verifyCAEntryTest" time="0.0" classname="com.guru.testing.tests.Test1">
    <skipped/>
  </testcase> <!-- verifyCAEntryTest -->
  <testcase name="removePaymentTest" time="0.0" classname="com.guru.testing.tests.Test1">
    <skipped/>
  </testcase> <!-- removePaymentTest -->
</testsuite> <!-- Buying Bids -->
