<?xml version="1.0" encoding="UTF-8"?>
<!-- Generated by org.testng.reporters.JUnitReportReporter -->
<testsuite hostname="AKSHI-PC" name="com.guru.testing.page.JobsPageTest" tests="4" failures="1" timestamp="15 Jun 2017 12:25:50 GMT" time="18.724" errors="0">
  <testcase name="clickJobByNameTest" time="0.077" classname="com.guru.testing.page.JobsPageTest"/>
  <testcase name="verifyJobsPageTest" time="0.057" classname="com.guru.testing.page.JobsPageTest"/>
  <testcase name="verifyJobsPageTest" time="16.111" classname="com.guru.testing.page.JobsPageTest">
    <failure type="com.guru.framework.testing.objects.exceptions.HTMLElementNotFoundException" message="One of more element necessary for page verification didn&#039;t appear.">
      <![CDATA[com.guru.framework.testing.objects.exceptions.HTMLElementNotFoundException: One of more element necessary for page verification didn't appear.
	at com.guru.testing.page.JobsPageTest.verifyJobsPageTest(JobsPageTest.java:32)
	at sun.reflect.NativeMethodAccessorImpl.invoke0(Native Method)
	at sun.reflect.NativeMethodAccessorImpl.invoke(NativeMethodAccessorImpl.java:62)
	at sun.reflect.DelegatingMethodAccessorImpl.invoke(DelegatingMethodAccessorImpl.java:43)
	at java.lang.reflect.Method.invoke(Method.java:498)
	at org.testng.internal.MethodInvocationHelper.invokeMethod(MethodInvocationHelper.java:80)
	at org.testng.internal.Invoker.invokeMethod(Invoker.java:702)
	at org.testng.internal.Invoker.invokeTestMethod(Invoker.java:894)
	at org.testng.internal.Invoker.invokeTestMethods(Invoker.java:1219)
	at org.testng.internal.TestMethodWorker.invokeTestMethods(TestMethodWorker.java:127)
	at org.testng.internal.TestMethodWorker.run(TestMethodWorker.java:111)
	at org.testng.TestRunner.privateRun(TestRunner.java:768)
	at org.testng.TestRunner.run(TestRunner.java:617)
	at org.testng.SuiteRunner.runTest(SuiteRunner.java:334)
	at org.testng.SuiteRunner.runSequentially(SuiteRunner.java:329)
	at org.testng.SuiteRunner.privateRun(SuiteRunner.java:291)
	at org.testng.SuiteRunner.run(SuiteRunner.java:240)
	at org.testng.SuiteRunnerWorker.runSuite(SuiteRunnerWorker.java:53)
	at org.testng.SuiteRunnerWorker.run(SuiteRunnerWorker.java:87)
	at org.testng.TestNG.runSuitesSequentially(TestNG.java:1188)
	at org.testng.TestNG.runSuitesLocally(TestNG.java:1113)
	at org.testng.TestNG.run(TestNG.java:1025)
	at org.testng.remote.AbstractRemoteTestNG.run(AbstractRemoteTestNG.java:132)
	at org.testng.remote.RemoteTestNG.initAndRun(RemoteTestNG.java:230)
	at org.testng.remote.RemoteTestNG.main(RemoteTestNG.java:76)
]]>
    </failure>
  </testcase> <!-- verifyJobsPageTest -->
  <testcase name="clickJobByNameTest" time="2.479" classname="com.guru.testing.page.JobsPageTest"/>
</testsuite> <!-- com.guru.testing.page.JobsPageTest -->
