<?xml version="1.0" encoding="UTF-8"?>
<!-- Generated by org.testng.reporters.JUnitXMLReporter -->
<testsuite hostname="AKSHI-PC" name="Approve payments" tests="96" failures="3" timestamp="21 Jun 2017 07:18:02 GMT" time="429.782" errors="0">
  <testcase name="goToPostAJobPageTest" time="4.146" classname="com.guru.testing.tests.RefundRevokeDecline"/>
  <testcase name="verifyPostAJobPageTest" time="0.878" classname="com.guru.testing.tests.RefundRevokeDecline"/>
  <testcase name="enterJobDetailsTest" time="27.026" classname="com.guru.testing.tests.RefundRevokeDecline"/>
  <testcase name="clickPostJobTest" time="5.523" classname="com.guru.testing.tests.RefundRevokeDecline"/>
  <testcase name="verifyFeatureJobPayNowPageTest" time="7.021" classname="com.guru.testing.tests.RefundRevokeDecline"/>
  <testcase name="agreeToPayCheckTest" time="0.066" classname="com.guru.testing.tests.RefundRevokeDecline"/>
  <testcase name="clickPayTest" time="0.089" classname="com.guru.testing.tests.RefundRevokeDecline"/>
  <testcase name="verifyJobPostSuccessTest" time="14.415" classname="com.guru.testing.tests.RefundRevokeDecline"/>
  <testcase name="goToJobHirePageTest" time="9.713" classname="com.guru.testing.tests.RefundRevokeDecline"/>
  <testcase name="verifyHirePageTest" time="11.667" classname="com.guru.testing.tests.RefundRevokeDecline"/>
  <testcase name="signOutEMPTest" time="15.201" classname="com.guru.testing.tests.RefundRevokeDecline"/>
  <testcase name="verifyLoginPageOneTest" time="0.155" classname="com.guru.testing.tests.RefundRevokeDecline"/>
  <testcase name="loginAsFLTest" time="0.274" classname="com.guru.testing.tests.RefundRevokeDecline"/>
  <testcase name="verifyFLLoggedInTest" time="25.008" classname="com.guru.testing.tests.RefundRevokeDecline"/>
  <testcase name="verifyFLDashTest" time="0.206" classname="com.guru.testing.tests.RefundRevokeDecline"/>
  <testcase name="launchTinyUrlTest" time="7.554" classname="com.guru.testing.tests.RefundRevokeDecline"/>
  <testcase name="verifyJobDetailsPageTest" time="1.328" classname="com.guru.testing.tests.RefundRevokeDecline"/>
  <testcase name="clickApplyTest" time="0.058" classname="com.guru.testing.tests.RefundRevokeDecline"/>
  <testcase name="verifyApplyQuoteFormTest" time="4.346" classname="com.guru.testing.tests.RefundRevokeDecline"/>
  <testcase name="craftMilestoneQuoteTest" time="5.309" classname="com.guru.testing.tests.RefundRevokeDecline"/>
  <testcase name="submitQuoteTest" time="0.119" classname="com.guru.testing.tests.RefundRevokeDecline"/>
  <testcase name="verifyQuoteSubmittedTest" time="2.359" classname="com.guru.testing.tests.RefundRevokeDecline"/>
  <testcase name="signOutFLTest" time="6.459" classname="com.guru.testing.tests.RefundRevokeDecline"/>
  <testcase name="verifyLoginPageTwoTest" time="0.179" classname="com.guru.testing.tests.RefundRevokeDecline"/>
  <testcase name="loginAsEMPTest" time="0.214" classname="com.guru.testing.tests.RefundRevokeDecline"/>
  <testcase name="verifyEMPLoggedInTest" time="14.269" classname="com.guru.testing.tests.RefundRevokeDecline"/>
  <testcase name="verifyEMPDashTest" time="0.255" classname="com.guru.testing.tests.RefundRevokeDecline"/>
  <testcase name="goToJobHirePageAgainTest" time="3.402" classname="com.guru.testing.tests.RefundRevokeDecline"/>
  <testcase name="verifyHirePageAgainTest" time="1.04" classname="com.guru.testing.tests.RefundRevokeDecline"/>
  <testcase name="hireTheFLTest" time="8.151" classname="com.guru.testing.tests.RefundRevokeDecline"/>
  <testcase name="logOutEMPTest" time="9.937" classname="com.guru.testing.tests.RefundRevokeDecline"/>
  <testcase name="verifyLoginPageThreeTest" time="0.14" classname="com.guru.testing.tests.RefundRevokeDecline"/>
  <testcase name="loginAsFreeLTest" time="0.256" classname="com.guru.testing.tests.RefundRevokeDecline"/>
  <testcase name="verifyFreeLLoggedInTest" time="13.682" classname="com.guru.testing.tests.RefundRevokeDecline"/>
  <testcase name="verifyFLDashboardTest" time="0.21" classname="com.guru.testing.tests.RefundRevokeDecline"/>
  <testcase name="goToWorkroomTest" time="4.22" classname="com.guru.testing.tests.RefundRevokeDecline"/>
  <testcase name="verifyFLWorkroomTest" time="0.246" classname="com.guru.testing.tests.RefundRevokeDecline"/>
  <testcase name="clickSendInvoiceTest" time="6.093" classname="com.guru.testing.tests.RefundRevokeDecline"/>
  <testcase name="verifyCreateInvoicePageTest" time="9.393" classname="com.guru.testing.tests.RefundRevokeDecline"/>
  <testcase name="enterInvoiceDetailsTest" time="2.21" classname="com.guru.testing.tests.RefundRevokeDecline"/>
  <testcase name="sendInvoiceTest" time="2.065" classname="com.guru.testing.tests.RefundRevokeDecline"/>
  <testcase name="verifyFLInvoicePageTest" time="3.411" classname="com.guru.testing.tests.RefundRevokeDecline"/>
  <testcase name="signOutFreeLTest" time="6.362" classname="com.guru.testing.tests.RefundRevokeDecline"/>
  <testcase name="verifyLoginPageFourTest" time="0.129" classname="com.guru.testing.tests.RefundRevokeDecline"/>
  <testcase name="loginEMPTest" time="0.214" classname="com.guru.testing.tests.RefundRevokeDecline"/>
  <testcase name="verifyEMPLogInTest" time="10.29" classname="com.guru.testing.tests.RefundRevokeDecline"/>
  <testcase name="verifyDashEMPTest" time="0.247" classname="com.guru.testing.tests.RefundRevokeDecline"/>
  <testcase name="clickPayTabTest" time="2.82" classname="com.guru.testing.tests.RefundRevokeDecline"/>
  <testcase name="verifyInvoicePageTest" time="0.308" classname="com.guru.testing.tests.RefundRevokeDecline"/>
  <testcase name="clickUnpaidInvoiceTest" time="0.38" classname="com.guru.testing.tests.RefundRevokeDecline"/>
  <testcase name="verifyInvoiceDetailsPageTest" time="11.611" classname="com.guru.testing.tests.RefundRevokeDecline"/>
  <testcase name="clickPayInvoiceTest" time="4.043" classname="com.guru.testing.tests.RefundRevokeDecline"/>
  <testcase name="verifyInvoicePayNowPageTest" time="5.947" classname="com.guru.testing.tests.RefundRevokeDecline"/>
  <testcase name="selectECheckAndAgreeTermsTest" time="34.324" classname="com.guru.testing.tests.RefundRevokeDecline"/>
  <testcase name="payInvoiceTest" time="0.099" classname="com.guru.testing.tests.RefundRevokeDecline"/>
  <testcase name="verifyInvoicePaidTest" time="6.381" classname="com.guru.testing.tests.RefundRevokeDecline"/>
  <testcase name="signOutEmployerTest" time="9.352" classname="com.guru.testing.tests.RefundRevokeDecline"/>
  <testcase name="verifyLoginPageFiveTest" time="0.135" classname="com.guru.testing.tests.RefundRevokeDecline"/>
  <testcase name="launchAdminSiteTest" time="1.22" classname="com.guru.testing.tests.RefundRevokeDecline"/>
  <testcase name="verifyAdminLoginPageTest" time="0.025" classname="com.guru.testing.tests.RefundRevokeDecline">
    <failure type="java.lang.Exception" message="java.lang.NullPointerException">
      <![CDATA[java.lang.Exception: java.lang.NullPointerException
	at com.guru.testing.page.AdminLoginPageTest.verifyAdminLoginPage(AdminLoginPageTest.java:23)
	at com.guru.testing.tests.RefundRevokeDecline.verifyAdminLoginPageTest(RefundRevokeDecline.java:426)
Caused by: java.lang.NullPointerException
	at com.guru.framework.testing.browser.BrowserAccess.getLocalizationText(BrowserAccess.java:71)
	at com.guru.framework.testing.browser.BrowserWait.waitUntilText(BrowserWait.java:336)
	at com.guru.testing.page.AdminLoginPageTest.verifyAdminLoginPage(AdminLoginPageTest.java:17)
	... 25 more
... Removed 24 stack frames]]>
    </failure>
  </testcase> <!-- verifyAdminLoginPageTest -->
  <testcase name="loginToAdminTest" time="6.548" classname="com.guru.testing.tests.RefundRevokeDecline"/>
  <testcase name="verifyAdminHomePageTest" time="0.076" classname="com.guru.testing.tests.RefundRevokeDecline"/>
  <testcase name="goToAcceptApproveTest" time="2.893" classname="com.guru.testing.tests.RefundRevokeDecline"/>
  <testcase name="verifyAdminApprovePaymentsPage" time="0.927" classname="com.guru.testing.tests.RefundRevokeDecline"/>
  <testcase name="goToPendingTabTest" time="0.674" classname="com.guru.testing.tests.RefundRevokeDecline"/>
  <testcase name="findPendingPaymentTest" time="0.968" classname="com.guru.testing.tests.RefundRevokeDecline"/>
  <testcase name="clickApproveTest" time="5.468" classname="com.guru.testing.tests.RefundRevokeDecline"/>
  <testcase name="goToCompletedTabTest" time="1.05" classname="com.guru.testing.tests.RefundRevokeDecline"/>
  <testcase name="clickRevokeTest" time="3.364" classname="com.guru.testing.tests.RefundRevokeDecline"/>
  <testcase name="logoutAdminTest" time="7.837" classname="com.guru.testing.tests.RefundRevokeDecline"/>
  <testcase name="verifyLoggedOutTest" time="0.016" classname="com.guru.testing.tests.RefundRevokeDecline">
    <failure type="java.lang.Exception" message="java.lang.NullPointerException">
      <![CDATA[java.lang.Exception: java.lang.NullPointerException
	at com.guru.testing.page.AdminLoginPageTest.verifyAdminLoginPage(AdminLoginPageTest.java:23)
	at com.guru.testing.tests.RefundRevokeDecline.verifyLoggedOutTest(RefundRevokeDecline.java:513)
Caused by: java.lang.NullPointerException
	at com.guru.framework.testing.browser.BrowserAccess.getLocalizationText(BrowserAccess.java:71)
	at com.guru.framework.testing.browser.BrowserWait.waitUntilText(BrowserWait.java:336)
	at com.guru.testing.page.AdminLoginPageTest.verifyAdminLoginPage(AdminLoginPageTest.java:17)
	... 25 more
... Removed 24 stack frames]]>
    </failure>
  </testcase> <!-- verifyLoggedOutTest -->
  <testcase name="launchGuruTest" time="1.872" classname="com.guru.testing.tests.RefundRevokeDecline"/>
  <testcase name="verifyLoginPageSixTest" time="0.126" classname="com.guru.testing.tests.RefundRevokeDecline"/>
  <testcase name="loginEmployerTest" time="0.201" classname="com.guru.testing.tests.RefundRevokeDecline"/>
  <testcase name="verifyEmployerLogInTest" time="14.62" classname="com.guru.testing.tests.RefundRevokeDecline"/>
  <testcase name="verifyEmployerDashTest" time="0.28" classname="com.guru.testing.tests.RefundRevokeDecline"/>
  <testcase name="goToInvoiceSummaryTest" time="3.068" classname="com.guru.testing.tests.RefundRevokeDecline"/>
  <testcase name="verifyInvoiceSummaryTest" time="0.511" classname="com.guru.testing.tests.RefundRevokeDecline"/>
  <testcase name="clickFirstViewAndPayTest" time="0.083" classname="com.guru.testing.tests.RefundRevokeDecline"/>
  <testcase name="validateInvoiceDetailsPageTest" time="11.429" classname="com.guru.testing.tests.RefundRevokeDecline"/>
  <testcase name="clickPayInvoiceBtnTest" time="4.085" classname="com.guru.testing.tests.RefundRevokeDecline"/>
  <testcase name="validateInvoicePayNowPageTest" time="6.734" classname="com.guru.testing.tests.RefundRevokeDecline"/>
  <testcase name="payUsingEcheckTest" time="0.321" classname="com.guru.testing.tests.RefundRevokeDecline"/>
  <testcase name="payTheInvoiceTest" time="0.083" classname="com.guru.testing.tests.RefundRevokeDecline"/>
  <testcase name="verifyInvoiceIsPaidTest" time="6.356" classname="com.guru.testing.tests.RefundRevokeDecline"/>
  <testcase name="logOutEmployerTest" time="8.442" classname="com.guru.testing.tests.RefundRevokeDecline"/>
  <testcase name="verifyLoginPageSevenTest" time="0.142" classname="com.guru.testing.tests.RefundRevokeDecline"/>
  <testcase name="goToAdminSiteTest" time="0.85" classname="com.guru.testing.tests.RefundRevokeDecline"/>
  <testcase name="validateAdminLoginPageTest" time="0.009" classname="com.guru.testing.tests.RefundRevokeDecline">
    <failure type="java.lang.Exception" message="java.lang.NullPointerException">
      <![CDATA[java.lang.Exception: java.lang.NullPointerException
	at com.guru.testing.page.AdminLoginPageTest.verifyAdminLoginPage(AdminLoginPageTest.java:23)
	at com.guru.testing.tests.RefundRevokeDecline.validateAdminLoginPageTest(RefundRevokeDecline.java:627)
Caused by: java.lang.NullPointerException
	at com.guru.framework.testing.browser.BrowserAccess.getLocalizationText(BrowserAccess.java:71)
	at com.guru.framework.testing.browser.BrowserWait.waitUntilText(BrowserWait.java:336)
	at com.guru.testing.page.AdminLoginPageTest.verifyAdminLoginPage(AdminLoginPageTest.java:17)
	... 25 more
... Removed 24 stack frames]]>
    </failure>
  </testcase> <!-- validateAdminLoginPageTest -->
  <testcase name="logIntoAdminTest" time="6.574" classname="com.guru.testing.tests.RefundRevokeDecline"/>
  <testcase name="validateAdminHomePageTest" time="0.063" classname="com.guru.testing.tests.RefundRevokeDecline"/>
  <testcase name="goToAcceptApprovePaymentsTest" time="2.208" classname="com.guru.testing.tests.RefundRevokeDecline"/>
  <testcase name="validateAdminApprovePaymentsPage" time="0.817" classname="com.guru.testing.tests.RefundRevokeDecline"/>
  <testcase name="navToPendingTabTest" time="0.698" classname="com.guru.testing.tests.RefundRevokeDecline"/>
  <testcase name="searchForPendingPaymentTest" time="0.625" classname="com.guru.testing.tests.RefundRevokeDecline"/>
  <testcase name="clickDeclineTest" time="4.021" classname="com.guru.testing.tests.RefundRevokeDecline"/>
</testsuite> <!-- Approve payments -->
