<?xml version="1.0" encoding="UTF-8"?>
<!-- Generated by org.testng.reporters.JUnitXMLReporter -->
<testsuite hostname="AKSHI-PC" name="Buying Bids" tests="19" failures="1" timestamp="13 Jun 2017 11:08:37 GMT" time="321.453" errors="0">
  <testcase name="navigateToUrlTest" time="15.355" classname="com.guru.testing.tests.LaunchApplication"/>
  <testcase name="enterUsernameAndPasswordTest" time="0.35" classname="com.guru.testing.tests.FLLogin"/>
  <testcase name="clickSignInTest" time="8.184" classname="com.guru.testing.tests.FLLogin"/>
  <testcase name="validateSecurityTest" time="10.144" classname="com.guru.testing.tests.FLLogin"/>
  <testcase name="verifyAndSkipPhoneVerificationTest" time="6.399" classname="com.guru.testing.tests.FLLogin"/>
  <testcase name="verifyDashboardPageTest" time="0.244" classname="com.guru.testing.tests.FLLogin"/>
  <testcase name="goToBuyBidsPageTest" time="6.025" classname="com.guru.testing.tests.BuyBidsAllPayMethods"/>
  <testcase name="buyBidsCATest" time="1.882" classname="com.guru.testing.tests.BuyBidsAllPayMethods"/>
  <testcase name="payUsingCATest" time="20.342" classname="com.guru.testing.tests.BuyBidsAllPayMethods"/>
  <testcase name="buyBidsCCTest" time="9.936" classname="com.guru.testing.tests.BuyBidsAllPayMethods"/>
  <testcase name="payUsingCCTest" time="17.496" classname="com.guru.testing.tests.BuyBidsAllPayMethods"/>
  <testcase name="buyBidsPaypalTest" time="4.897" classname="com.guru.testing.tests.BuyBidsAllPayMethods"/>
  <testcase name="payUsingPaypalTest" time="151.372" classname="com.guru.testing.tests.BuyBidsAllPayMethods"/>
  <testcase name="completePaypalPaymentTest" time="16.238" classname="com.guru.testing.tests.BuyBidsAllPayMethods"/>
  <testcase name="payUsingAddedCCTest" time="7.342" classname="com.guru.testing.tests.BuyBidsAllPayMethods"/>
  <testcase name="completeAddedCCPaymentTest" time="3.216" classname="com.guru.testing.tests.BuyBidsAllPayMethods"/>
  <testcase name="addMoreBidsUsingPaypalTest" time="4.759" classname="com.guru.testing.tests.BuyBidsAllPayMethods"/>
  <testcase name="payUsingAddedPayPalTest" time="15.912" classname="com.guru.testing.tests.BuyBidsAllPayMethods"/>
  <testcase name="removePaymentsTest" time="14.855" classname="com.guru.testing.tests.BuyBidsAllPayMethods">
    <failure type="com.guru.framework.testing.objects.exceptions.HTMLElementNotFoundException" message="All required elements on Dashboard page didnot load">
      <![CDATA[com.guru.framework.testing.objects.exceptions.HTMLElementNotFoundException: All required elements on Dashboard page didnot load
	at com.guru.testing.page.DashboardPageTest.verifyFLDashboardPageTest(DashboardPageTest.java:51)
	at com.guru.testing.tests.BuyBidsAllPayMethods.removePaymentsTest(BuyBidsAllPayMethods.java:168)
... Removed 24 stack frames]]>
    </failure>
  </testcase> <!-- removePaymentsTest -->
</testsuite> <!-- Buying Bids -->
