<?xml version="1.0" encoding="UTF-8"?>
<!-- Generated by org.testng.reporters.JUnitXMLReporter -->
<testsuite hostname="AKSHI-PC" name="5.5 Because of Bug #37346, select bill employer by again." tests="2" failures="2" timestamp="31 May 2017 04:35:10 GMT" time="11.122" errors="0">
  <testcase name="selectBillEmployerByTest" time="5.053" classname="com.guru.testing.page.JobDetailsPageTest">
    <failure type="com.guru.framework.testing.objects.exceptions.ScriptException" message="Automated Script Exception-Please check error log">
      <![CDATA[com.guru.framework.testing.objects.exceptions.ScriptException: Automated Script Exception-Please check error log
	at com.guru.testing.page.WorkroomPageTest.selectBillEmployerByTest(WorkroomPageTest.java:1269)
	at com.guru.testing.page.JobDetailsPageTest.selectBillEmployerByTest(JobDetailsPageTest.java:207)
... Removed 24 stack frames]]>
    </failure>
  </testcase> <!-- selectBillEmployerByTest -->
  <testcase name="enterMilestonesTest" time="5.053" classname="com.guru.testing.page.JobDetailsPageTest">
    <failure type="org.openqa.selenium.NoSuchElementException" message="no such element: Unable to locate element: {&amp;quot;method&amp;quot;:&amp;quot;id&amp;quot;,&amp;quot;selector&amp;quot;:&amp;quot;milestoneNameInput0&amp;quot;}
  (Session info: chrome=58.0.3029.110)
  (Driver info: chromedriver=2.28.455520 (cc17746adff54984afff480136733114c6b3704b),platform=Windows NT 6.1.7601 SP1 x86_64) (WARNING: The server did not provide any stacktrace information)
Command duration or timeout: 5.05 seconds
For documentation on this error, please visit: http://seleniumhq.org/exceptions/no_such_element.html
Build info: version: &amp;apos;3.0.0&amp;apos;, revision: &amp;apos;350cf60&amp;apos;, time: &amp;apos;2016-10-13 10:48:57 -0700&amp;apos;
System info: host: &amp;apos;AKSHI-PC&amp;apos;, ip: &amp;apos;172.16.0.220&amp;apos;, os.name: &amp;apos;Windows 7&amp;apos;, os.arch: &amp;apos;amd64&amp;apos;, os.version: &amp;apos;6.1&amp;apos;, java.version: &amp;apos;1.8.0_111&amp;apos;
Driver info: org.openqa.selenium.chrome.ChromeDriver
Capabilities [{applicationCacheEnabled=false, rotatable=false, mobileEmulationEnabled=false, networkConnectionEnabled=false, chrome={chromedriverVersion=2.28.455520 (cc17746adff54984afff480136733114c6b3704b), userDataDir=C:\Users\mkumar\AppData\Local\Temp\scoped_dir8432_13487}, takesHeapSnapshot=true, pageLoadStrategy=normal, databaseEnabled=false, handlesAlerts=true, hasTouchScreen=false, version=58.0.3029.110, platform=XP, browserConnectionEnabled=false, nativeEvents=true, acceptSslCerts=true, locationContextEnabled=true, webStorageEnabled=true, browserName=chrome, takesScreenshot=true, javascriptEnabled=true, cssSelectorsEnabled=true, unexpectedAlertBehaviour=}]
Session ID: e67e246c84cc786788bbb321667317b1
*** Element info: {Using=id, value=milestoneNameInput0}">
      <![CDATA[org.openqa.selenium.NoSuchElementException: no such element: Unable to locate element: {"method":"id","selector":"milestoneNameInput0"}
  (Session info: chrome=58.0.3029.110)
  (Driver info: chromedriver=2.28.455520 (cc17746adff54984afff480136733114c6b3704b),platform=Windows NT 6.1.7601 SP1 x86_64) (WARNING: The server did not provide any stacktrace information)
Command duration or timeout: 5.05 seconds
For documentation on this error, please visit: http://seleniumhq.org/exceptions/no_such_element.html
Build info: version: '3.0.0', revision: '350cf60', time: '2016-10-13 10:48:57 -0700'
System info: host: 'AKSHI-PC', ip: '172.16.0.220', os.name: 'Windows 7', os.arch: 'amd64', os.version: '6.1', java.version: '1.8.0_111'
Driver info: org.openqa.selenium.chrome.ChromeDriver
Capabilities [{applicationCacheEnabled=false, rotatable=false, mobileEmulationEnabled=false, networkConnectionEnabled=false, chrome={chromedriverVersion=2.28.455520 (cc17746adff54984afff480136733114c6b3704b), userDataDir=C:\Users\mkumar\AppData\Local\Temp\scoped_dir8432_13487}, takesHeapSnapshot=true, pageLoadStrategy=normal, databaseEnabled=false, handlesAlerts=true, hasTouchScreen=false, version=58.0.3029.110, platform=XP, browserConnectionEnabled=false, nativeEvents=true, acceptSslCerts=true, locationContextEnabled=true, webStorageEnabled=true, browserName=chrome, takesScreenshot=true, javascriptEnabled=true, cssSelectorsEnabled=true, unexpectedAlertBehaviour=}]
Session ID: e67e246c84cc786788bbb321667317b1
*** Element info: {Using=id, value=milestoneNameInput0}
	at org.openqa.selenium.remote.ErrorHandler.createThrowable(ErrorHandler.java:216)
	at org.openqa.selenium.remote.ErrorHandler.throwIfResponseFailed(ErrorHandler.java:168)
	at org.openqa.selenium.remote.RemoteWebDriver.execute(RemoteWebDriver.java:635)
	at org.openqa.selenium.remote.RemoteWebDriver.findElement(RemoteWebDriver.java:368)
	at org.openqa.selenium.remote.RemoteWebDriver.findElementById(RemoteWebDriver.java:417)
	at org.openqa.selenium.By$ById.findElement(By.java:218)
	at org.openqa.selenium.remote.RemoteWebDriver.findElement(RemoteWebDriver.java:360)
	at com.guru.framework.testing.selenium.WebDriverAccess.getElement(WebDriverAccess.java:33)
	at com.guru.framework.testing.selenium.WebDriverAction.enterFieldValue(WebDriverAction.java:94)
	at com.guru.framework.testing.browser.BrowserAction.enterFieldValue(BrowserAction.java:134)
	at com.guru.testing.page.JobDetailsPageTest.enterMilestonesTest(JobDetailsPageTest.java:253)
... Removed 28 stack frames]]>
    </failure>
  </testcase> <!-- enterMilestonesTest -->
</testsuite> <!-- 5.5 Because of Bug #37346, select bill employer by again. -->
