<?xml version="1.0" encoding="UTF-8"?>
<!-- Generated by org.testng.reporters.JUnitXMLReporter -->
<testsuite hostname="AKSHI-PC" name="6. Send a message to EMP, and then logout." tests="6" failures="1" timestamp="15 Jun 2017 12:22:30 GMT" time="39.19" errors="0">
  <testcase name="verifyFLDashboardPageTest" time="0.202" classname="com.guru.testing.page.DashboardPageTest"/>
  <testcase name="clickJobsTabTest" time="3.245" classname="com.guru.testing.page.DashboardPageTest"/>
  <testcase name="verifyJobsPageTest" time="16.111" classname="com.guru.testing.page.JobsPageTest">
    <failure type="com.guru.framework.testing.objects.exceptions.HTMLElementNotFoundException" message="One of more element necessary for page verification didn&amp;apos;t appear.">
      <![CDATA[com.guru.framework.testing.objects.exceptions.HTMLElementNotFoundException: One of more element necessary for page verification didn't appear.
	at com.guru.testing.page.JobsPageTest.verifyJobsPageTest(JobsPageTest.java:32)
... Removed 24 stack frames]]>
    </failure>
  </testcase> <!-- verifyJobsPageTest -->
  <testcase name="clickJobByNameTest" time="0.077" classname="com.guru.testing.page.JobsPageTest"/>
  <testcase name="enterMessageTest" time="5.869" classname="com.guru.testing.page.WorkroomPageTest"/>
  <testcase name="clickSendMessageTest" time="12.46" classname="com.guru.testing.page.WorkroomPageTest"/>
</testsuite> <!-- 6. Send a message to EMP, and then logout. -->
