<?xml version="1.0" encoding="UTF-8"?>
<!-- Generated by org.testng.reporters.JUnitReportReporter -->
<testsuite hostname="AKSHI-PC" name="com.guru.testing.tests.BuyBidsAllPayMethods" tests="13" failures="1" timestamp="13 Jun 2017 11:08:37 GMT" time="274.272" errors="0">
  <testcase name="buyBidsCATest" time="1.882" classname="com.guru.testing.tests.BuyBidsAllPayMethods"/>
  <testcase name="completeAddedCCPaymentTest" time="3.216" classname="com.guru.testing.tests.BuyBidsAllPayMethods"/>
  <testcase name="payUsingPaypalTest" time="151.372" classname="com.guru.testing.tests.BuyBidsAllPayMethods"/>
  <testcase name="completePaypalPaymentTest" time="16.238" classname="com.guru.testing.tests.BuyBidsAllPayMethods"/>
  <testcase name="removePaymentsTest" time="14.855" classname="com.guru.testing.tests.BuyBidsAllPayMethods">
    <failure type="com.guru.framework.testing.objects.exceptions.HTMLElementNotFoundException" message="All required elements on Dashboard page didnot load">
      <![CDATA[com.guru.framework.testing.objects.exceptions.HTMLElementNotFoundException: All required elements on Dashboard page didnot load
	at com.guru.testing.page.DashboardPageTest.verifyFLDashboardPageTest(DashboardPageTest.java:51)
	at com.guru.testing.tests.BuyBidsAllPayMethods.removePaymentsTest(BuyBidsAllPayMethods.java:168)
	at sun.reflect.NativeMethodAccessorImpl.invoke0(Native Method)
	at sun.reflect.NativeMethodAccessorImpl.invoke(NativeMethodAccessorImpl.java:62)
	at sun.reflect.DelegatingMethodAccessorImpl.invoke(DelegatingMethodAccessorImpl.java:43)
	at java.lang.reflect.Method.invoke(Method.java:498)
	at org.testng.internal.MethodInvocationHelper.invokeMethod(MethodInvocationHelper.java:80)
	at org.testng.internal.Invoker.invokeMethod(Invoker.java:702)
	at org.testng.internal.Invoker.invokeTestMethod(Invoker.java:894)
	at org.testng.internal.Invoker.invokeTestMethods(Invoker.java:1219)
	at org.testng.internal.TestMethodWorker.invokeTestMethods(TestMethodWorker.java:127)
	at org.testng.internal.TestMethodWorker.run(TestMethodWorker.java:111)
	at org.testng.TestRunner.privateRun(TestRunner.java:768)
	at org.testng.TestRunner.run(TestRunner.java:617)
	at org.testng.SuiteRunner.runTest(SuiteRunner.java:334)
	at org.testng.SuiteRunner.runSequentially(SuiteRunner.java:329)
	at org.testng.SuiteRunner.privateRun(SuiteRunner.java:291)
	at org.testng.SuiteRunner.run(SuiteRunner.java:240)
	at org.testng.SuiteRunnerWorker.runSuite(SuiteRunnerWorker.java:53)
	at org.testng.SuiteRunnerWorker.run(SuiteRunnerWorker.java:87)
	at org.testng.TestNG.runSuitesSequentially(TestNG.java:1188)
	at org.testng.TestNG.runSuitesLocally(TestNG.java:1113)
	at org.testng.TestNG.run(TestNG.java:1025)
	at org.testng.remote.AbstractRemoteTestNG.run(AbstractRemoteTestNG.java:132)
	at org.testng.remote.RemoteTestNG.initAndRun(RemoteTestNG.java:230)
	at org.testng.remote.RemoteTestNG.main(RemoteTestNG.java:76)
]]>
    </failure>
  </testcase> <!-- removePaymentsTest -->
  <testcase name="buyBidsCCTest" time="9.936" classname="com.guru.testing.tests.BuyBidsAllPayMethods"/>
  <testcase name="payUsingAddedCCTest" time="7.342" classname="com.guru.testing.tests.BuyBidsAllPayMethods"/>
  <testcase name="payUsingAddedPayPalTest" time="15.912" classname="com.guru.testing.tests.BuyBidsAllPayMethods"/>
  <testcase name="payUsingCATest" time="20.342" classname="com.guru.testing.tests.BuyBidsAllPayMethods"/>
  <testcase name="buyBidsPaypalTest" time="4.897" classname="com.guru.testing.tests.BuyBidsAllPayMethods"/>
  <testcase name="addMoreBidsUsingPaypalTest" time="4.759" classname="com.guru.testing.tests.BuyBidsAllPayMethods"/>
  <testcase name="goToBuyBidsPageTest" time="6.025" classname="com.guru.testing.tests.BuyBidsAllPayMethods"/>
  <testcase name="payUsingCCTest" time="17.496" classname="com.guru.testing.tests.BuyBidsAllPayMethods"/>
</testsuite> <!-- com.guru.testing.tests.BuyBidsAllPayMethods -->
