<?xml version="1.0" encoding="UTF-8"?>
<!-- Generated by org.testng.reporters.JUnitXMLReporter -->
<testsuite hostname="AKSHI-PC" name="5. Verify employer dashboard, and then go to quotes page, and hire the fl. Go to workroom, and fund safepay using CA." tests="20" failures="1" timestamp="16 Jun 2017 04:35:49 GMT" time="170.631" errors="0">
  <testcase name="verifyEMPDashboardPageTest" time="0.215" classname="com.guru.testing.page.DashboardPageTest"/>
  <testcase name="clickRandomJobnamePostedTest" time="3.339" classname="com.guru.testing.page.DashboardPageTest"/>
  <testcase name="verifyQuotesPageTest" time="5.364" classname="com.guru.testing.page.HirePageTest"/>
  <testcase name="clickHireBtnTest" time="0.563" classname="com.guru.testing.page.HirePageTest"/>
  <testcase name="clickAcknowledgeCheckboxTest" time="0.067" classname="com.guru.testing.page.HirePageTest"/>
  <testcase name="clickHireInHirePopupTest" time="5.535" classname="com.guru.testing.page.HirePageTest"/>
  <testcase name="clickWorkRoomLinkTest" time="12.635" classname="com.guru.testing.page.HirePageTest"/>
  <testcase name="verifyEMPStatusUpdatesTabTest" time="2.812" classname="com.guru.testing.page.WorkroomPageTest"/>
  <testcase name="clickSafePayTabTest" time="0.052" classname="com.guru.testing.page.WorkroomPageTest"/>
  <testcase name="verifyEMPSafePayTabTest" time="3.747" classname="com.guru.testing.page.WorkroomPageTest">
    <failure type="com.guru.framework.testing.objects.exceptions.HTMLElementNotFoundException" message="One or more elements necessary to be loaded didn&amp;apos;t load. Possible Application issue.">
      <![CDATA[com.guru.framework.testing.objects.exceptions.HTMLElementNotFoundException: One or more elements necessary to be loaded didn't load. Possible Application issue.
	at com.guru.testing.page.WorkroomPageTest.verifyEMPSafePayTabTest(WorkroomPageTest.java:610)
... Removed 24 stack frames]]>
    </failure>
  </testcase> <!-- verifyEMPSafePayTabTest -->
  <testcase name="clickAddFundsTest" time="107.628" classname="com.guru.testing.page.WorkroomPageTest"/>
  <testcase name="enterSafepayAmountTest" time="3.214" classname="com.guru.testing.page.WorkroomPageTest"/>
  <testcase name="clickAddFundsToSafepayTest" time="0.057" classname="com.guru.testing.page.WorkroomPageTest"/>
  <testcase name="verifyPayforSafepayTest" time="4.695" classname="com.guru.testing.page.PayNowPageTest"/>
  <testcase name="verifyPaymentMethodTest" time="0.01" classname="com.guru.testing.page.PayNowPageTest"/>
  <testcase name="clickUseCAfunds" time="5.143" classname="com.guru.testing.page.PayNowPageTest"/>
  <testcase name="selectAgreeToPayCheckboxTest" time="0.113" classname="com.guru.testing.page.PayNowPageTest"/>
  <testcase name="clickToPayTest" time="0.089" classname="com.guru.testing.page.PayNowPageTest"/>
  <testcase name="verifySafepayFundSuccessTest" time="11.779" classname="com.guru.testing.page.PayNowPageTest"/>
  <testcase name="clickBackToSafePayPageTest" time="2.445" classname="com.guru.testing.page.PayNowPageTest"/>
</testsuite> <!-- 5. Verify employer dashboard, and then go to quotes page, and hire the fl. Go to workroom, and fund safepay using CA. -->
